FA2/A0 input add_7_add_5_1is connected to a constant net
FA2/A1 input add_7_add_5_1is connected to a constant net
FA2/A0 input add_7_add_5_5is connected to a constant net
FA2/A1 input add_7_add_5_5is connected to a constant net
FA2/A0 input add_7_add_5_33is connected to a constant net
FA2/A1 input add_7_add_5_33is connected to a constant net
FA2/B1 input add_7_add_5_33is connected to a constant net
FA2/C1 input add_7_add_5_33is connected to a constant net
FA2/D1 input add_7_add_5_33 has no outgoing device arc
FA2/CI1 input add_7_add_5_33 has no outgoing device arc
     ** STATE_OUT/add_7_add_5_33/CO0 is driving a pin on an incomplete path
FA2/B0 input add_7_add_5_33 is on an incomplete path
FA2/C0 input add_7_add_5_33is connected to a constant net
FA2/CI0 input add_7_add_5_33 is on an incomplete path
FA2/A0 input add_7_add_5_29is connected to a constant net
FA2/A1 input add_7_add_5_29is connected to a constant net
FA2/A0 input add_7_add_5_31is connected to a constant net
FA2/A1 input add_7_add_5_31is connected to a constant net
FA2/A0 input add_7_add_5_13is connected to a constant net
FA2/A1 input add_7_add_5_13is connected to a constant net
FA2/A0 input add_7_add_5_9is connected to a constant net
FA2/A1 input add_7_add_5_9is connected to a constant net
VLO/Z GND  i1
     *** mainTimer/add_7_add_5_5/A0 is driven by constant or a pin on an incomplete path
     *** mainTimer/add_7_add_5_5/C0 is driven by constant or a pin on an incomplete path
     *** mainTimer/add_7_add_5_5/A1 is driven by constant or a pin on an incomplete path
     *** mainTimer/add_7_add_5_5/C1 is driven by constant or a pin on an incomplete path
     *** mainTimer/add_7_add_5_3/A0 is driven by constant or a pin on an incomplete path
     *** mainTimer/add_7_add_5_3/C0 is driven by constant or a pin on an incomplete path
     *** mainTimer/add_7_add_5_3/A1 is driven by constant or a pin on an incomplete path
     *** mainTimer/add_7_add_5_3/C1 is driven by constant or a pin on an incomplete path
     *** mainTimer/add_7_add_5_1/A0 is driven by constant or a pin on an incomplete path
     *** mainTimer/add_7_add_5_1/B0 is driven by constant or a pin on an incomplete path
     *** mainTimer/add_7_add_5_1/C0 is driven by constant or a pin on an incomplete path
     *** mainTimer/add_7_add_5_1/A1 is driven by constant or a pin on an incomplete path
     *** mainTimer/add_7_add_5_19/A0 is driven by constant or a pin on an incomplete path
     *** mainTimer/add_7_add_5_19/C0 is driven by constant or a pin on an incomplete path
     *** mainTimer/add_7_add_5_19/A1 is driven by constant or a pin on an incomplete path
     *** mainTimer/add_7_add_5_19/B1 is driven by constant or a pin on an incomplete path
     *** mainTimer/add_7_add_5_19/C1 is driven by constant or a pin on an incomplete path
     *** mainTimer/add_7_add_5_17/A0 is driven by constant or a pin on an incomplete path
     *** mainTimer/add_7_add_5_17/C0 is driven by constant or a pin on an incomplete path
     *** mainTimer/add_7_add_5_17/A1 is driven by constant or a pin on an incomplete path
     *** mainTimer/add_7_add_5_17/C1 is driven by constant or a pin on an incomplete path
     *** mainTimer/add_7_add_5_15/A0 is driven by constant or a pin on an incomplete path
     *** mainTimer/add_7_add_5_15/C0 is driven by constant or a pin on an incomplete path
     *** mainTimer/add_7_add_5_15/A1 is driven by constant or a pin on an incomplete path
     *** mainTimer/add_7_add_5_15/C1 is driven by constant or a pin on an incomplete path
     *** mainTimer/add_7_add_5_13/A0 is driven by constant or a pin on an incomplete path
     *** mainTimer/add_7_add_5_13/C0 is driven by constant or a pin on an incomplete path
     *** mainTimer/add_7_add_5_13/A1 is driven by constant or a pin on an incomplete path
     *** mainTimer/add_7_add_5_13/C1 is driven by constant or a pin on an incomplete path
     *** mainTimer/add_7_add_5_11/A0 is driven by constant or a pin on an incomplete path
     *** mainTimer/add_7_add_5_11/C0 is driven by constant or a pin on an incomplete path
     *** mainTimer/add_7_add_5_11/A1 is driven by constant or a pin on an incomplete path
     *** mainTimer/add_7_add_5_11/C1 is driven by constant or a pin on an incomplete path
     *** mainTimer/add_7_add_5_9/A0 is driven by constant or a pin on an incomplete path
     *** mainTimer/add_7_add_5_9/C0 is driven by constant or a pin on an incomplete path
     *** mainTimer/add_7_add_5_9/A1 is driven by constant or a pin on an incomplete path
     *** mainTimer/add_7_add_5_9/C1 is driven by constant or a pin on an incomplete path
     *** mainTimer/add_7_add_5_7/A0 is driven by constant or a pin on an incomplete path
     *** mainTimer/add_7_add_5_7/C0 is driven by constant or a pin on an incomplete path
     *** mainTimer/add_7_add_5_7/A1 is driven by constant or a pin on an incomplete path
     *** mainTimer/add_7_add_5_7/C1 is driven by constant or a pin on an incomplete path
     *** STATE_OUT/serial/add_6_add_5_11/A0 is driven by constant or a pin on an incomplete path
     *** STATE_OUT/serial/add_6_add_5_11/C0 is driven by constant or a pin on an incomplete path
     *** STATE_OUT/serial/add_6_add_5_11/A1 is driven by constant or a pin on an incomplete path
     *** STATE_OUT/serial/add_6_add_5_11/C1 is driven by constant or a pin on an incomplete path
     *** STATE_OUT/serial/add_6_add_5_9/A0 is driven by constant or a pin on an incomplete path
     *** STATE_OUT/serial/add_6_add_5_9/C0 is driven by constant or a pin on an incomplete path
     *** STATE_OUT/serial/add_6_add_5_9/A1 is driven by constant or a pin on an incomplete path
     *** STATE_OUT/serial/add_6_add_5_9/C1 is driven by constant or a pin on an incomplete path
     *** STATE_OUT/serial/add_6_add_5_7/A0 is driven by constant or a pin on an incomplete path
     *** STATE_OUT/serial/add_6_add_5_7/C0 is driven by constant or a pin on an incomplete path
     *** STATE_OUT/serial/add_6_add_5_7/A1 is driven by constant or a pin on an incomplete path
     *** STATE_OUT/serial/add_6_add_5_7/C1 is driven by constant or a pin on an incomplete path
     *** STATE_OUT/serial/add_6_add_5_33/A0 is driven by constant or a pin on an incomplete path
     *** STATE_OUT/serial/add_6_add_5_33/C0 is driven by constant or a pin on an incomplete path
     *** STATE_OUT/serial/add_6_add_5_33/A1 is driven by constant or a pin on an incomplete path
     *** STATE_OUT/serial/add_6_add_5_33/B1 is driven by constant or a pin on an incomplete path
     *** STATE_OUT/serial/add_6_add_5_33/C1 is driven by constant or a pin on an incomplete path
     *** STATE_OUT/serial/add_6_add_5_5/A0 is driven by constant or a pin on an incomplete path
     *** STATE_OUT/serial/add_6_add_5_5/C0 is driven by constant or a pin on an incomplete path
     *** STATE_OUT/serial/add_6_add_5_5/A1 is driven by constant or a pin on an incomplete path
     *** STATE_OUT/serial/add_6_add_5_5/C1 is driven by constant or a pin on an incomplete path
     *** STATE_OUT/serial/add_6_add_5_31/A0 is driven by constant or a pin on an incomplete path
     *** STATE_OUT/serial/add_6_add_5_31/C0 is driven by constant or a pin on an incomplete path
     *** STATE_OUT/serial/add_6_add_5_31/A1 is driven by constant or a pin on an incomplete path
     *** STATE_OUT/serial/add_6_add_5_31/C1 is driven by constant or a pin on an incomplete path
     *** STATE_OUT/serial/temp_data_out_i0_i1/SR is driven by constant or a pin on an incomplete path
     *** STATE_OUT/serial/j__i2/SR is driven by constant or a pin on an incomplete path
     *** STATE_OUT/serial/add_6_add_5_29/A0 is driven by constant or a pin on an incomplete path
     *** STATE_OUT/serial/add_6_add_5_29/C0 is driven by constant or a pin on an incomplete path
     *** STATE_OUT/serial/add_6_add_5_29/A1 is driven by constant or a pin on an incomplete path
     *** STATE_OUT/serial/add_6_add_5_29/C1 is driven by constant or a pin on an incomplete path
     *** STATE_OUT/serial/add_6_add_5_3/A0 is driven by constant or a pin on an incomplete path
     *** STATE_OUT/serial/add_6_add_5_3/C0 is driven by constant or a pin on an incomplete path
     *** STATE_OUT/serial/add_6_add_5_3/A1 is driven by constant or a pin on an incomplete path
     *** STATE_OUT/serial/add_6_add_5_3/C1 is driven by constant or a pin on an incomplete path
     *** STATE_OUT/serial/add_6_add_5_27/A0 is driven by constant or a pin on an incomplete path
     *** STATE_OUT/serial/add_6_add_5_27/C0 is driven by constant or a pin on an incomplete path
     *** STATE_OUT/serial/add_6_add_5_27/A1 is driven by constant or a pin on an incomplete path
     *** STATE_OUT/serial/add_6_add_5_27/C1 is driven by constant or a pin on an incomplete path
     *** STATE_OUT/serial/add_6_add_5_1/A0 is driven by constant or a pin on an incomplete path
     *** STATE_OUT/serial/add_6_add_5_1/B0 is driven by constant or a pin on an incomplete path
     *** STATE_OUT/serial/add_6_add_5_1/C0 is driven by constant or a pin on an incomplete path
     *** STATE_OUT/serial/add_6_add_5_1/A1 is driven by constant or a pin on an incomplete path
     *** STATE_OUT/serial/add_6_add_5_25/A0 is driven by constant or a pin on an incomplete path
     *** STATE_OUT/serial/add_6_add_5_25/C0 is driven by constant or a pin on an incomplete path
     *** STATE_OUT/serial/add_6_add_5_25/A1 is driven by constant or a pin on an incomplete path
     *** STATE_OUT/serial/add_6_add_5_25/C1 is driven by constant or a pin on an incomplete path
     *** STATE_OUT/serial/j__i3/SR is driven by constant or a pin on an incomplete path
     *** STATE_OUT/serial/j__i4/SR is driven by constant or a pin on an incomplete path
     *** STATE_OUT/serial/j__i5/SR is driven by constant or a pin on an incomplete path
     *** STATE_OUT/serial/j__i6/SR is driven by constant or a pin on an incomplete path
     *** STATE_OUT/serial/j__i7/SR is driven by constant or a pin on an incomplete path
     *** STATE_OUT/serial/j__i8/SR is driven by constant or a pin on an incomplete path
     *** STATE_OUT/serial/j__i9/SR is driven by constant or a pin on an incomplete path
     *** STATE_OUT/serial/j__i10/SR is driven by constant or a pin on an incomplete path
     *** STATE_OUT/serial/j__i11/SR is driven by constant or a pin on an incomplete path
     *** STATE_OUT/serial/j__i12/SR is driven by constant or a pin on an incomplete path
     *** STATE_OUT/serial/j__i13/SR is driven by constant or a pin on an incomplete path
     *** STATE_OUT/serial/j__i14/SR is driven by constant or a pin on an incomplete path
     *** STATE_OUT/serial/j__i15/SR is driven by constant or a pin on an incomplete path
     *** STATE_OUT/serial/j__i16/SR is driven by constant or a pin on an incomplete path
     *** STATE_OUT/serial/j__i17/SR is driven by constant or a pin on an incomplete path
     *** STATE_OUT/serial/j__i18/SR is driven by constant or a pin on an incomplete path
     *** STATE_OUT/serial/j__i19/SR is driven by constant or a pin on an incomplete path
     *** STATE_OUT/serial/j__i20/SR is driven by constant or a pin on an incomplete path
     *** STATE_OUT/serial/j__i21/SR is driven by constant or a pin on an incomplete path
     *** STATE_OUT/serial/j__i22/SR is driven by constant or a pin on an incomplete path
     *** STATE_OUT/serial/j__i23/SR is driven by constant or a pin on an incomplete path
     *** STATE_OUT/serial/j__i24/SR is driven by constant or a pin on an incomplete path
     *** STATE_OUT/serial/j__i25/SR is driven by constant or a pin on an incomplete path
     *** STATE_OUT/serial/j__i26/SR is driven by constant or a pin on an incomplete path
     *** STATE_OUT/serial/j__i27/SR is driven by constant or a pin on an incomplete path
     *** STATE_OUT/serial/temp_data_out_i0_i3/SR is driven by constant or a pin on an incomplete path
     *** STATE_OUT/serial/j__i28/SR is driven by constant or a pin on an incomplete path
     *** STATE_OUT/serial/j__i29/SR is driven by constant or a pin on an incomplete path
     *** STATE_OUT/serial/j__i30/SR is driven by constant or a pin on an incomplete path
     *** STATE_OUT/serial/j__i31/SR is driven by constant or a pin on an incomplete path
     *** STATE_OUT/serial/temp_data_out_i0_i2/SR is driven by constant or a pin on an incomplete path
     *** STATE_OUT/serial/add_6_add_5_23/A0 is driven by constant or a pin on an incomplete path
     *** STATE_OUT/serial/add_6_add_5_23/C0 is driven by constant or a pin on an incomplete path
     *** STATE_OUT/serial/add_6_add_5_23/A1 is driven by constant or a pin on an incomplete path
     *** STATE_OUT/serial/add_6_add_5_23/C1 is driven by constant or a pin on an incomplete path
     *** STATE_OUT/serial/add_6_add_5_21/A0 is driven by constant or a pin on an incomplete path
     *** STATE_OUT/serial/add_6_add_5_21/C0 is driven by constant or a pin on an incomplete path
     *** STATE_OUT/serial/add_6_add_5_21/A1 is driven by constant or a pin on an incomplete path
     *** STATE_OUT/serial/add_6_add_5_21/C1 is driven by constant or a pin on an incomplete path
     *** STATE_OUT/serial/add_6_add_5_19/A0 is driven by constant or a pin on an incomplete path
     *** STATE_OUT/serial/add_6_add_5_19/C0 is driven by constant or a pin on an incomplete path
     *** STATE_OUT/serial/add_6_add_5_19/A1 is driven by constant or a pin on an incomplete path
     *** STATE_OUT/serial/add_6_add_5_19/C1 is driven by constant or a pin on an incomplete path
     *** STATE_OUT/serial/add_6_add_5_17/A0 is driven by constant or a pin on an incomplete path
     *** STATE_OUT/serial/add_6_add_5_17/C0 is driven by constant or a pin on an incomplete path
     *** STATE_OUT/serial/add_6_add_5_17/A1 is driven by constant or a pin on an incomplete path
     *** STATE_OUT/serial/add_6_add_5_17/C1 is driven by constant or a pin on an incomplete path
     *** STATE_OUT/serial/add_6_add_5_15/A0 is driven by constant or a pin on an incomplete path
     *** STATE_OUT/serial/add_6_add_5_15/C0 is driven by constant or a pin on an incomplete path
     *** STATE_OUT/serial/add_6_add_5_15/A1 is driven by constant or a pin on an incomplete path
     *** STATE_OUT/serial/add_6_add_5_15/C1 is driven by constant or a pin on an incomplete path
     *** STATE_OUT/serial/add_6_add_5_13/A0 is driven by constant or a pin on an incomplete path
     *** STATE_OUT/serial/add_6_add_5_13/C0 is driven by constant or a pin on an incomplete path
     *** STATE_OUT/serial/add_6_add_5_13/A1 is driven by constant or a pin on an incomplete path
     *** STATE_OUT/serial/add_6_add_5_13/C1 is driven by constant or a pin on an incomplete path
     *** STATE_OUT/serial/status_send/PADDI is driven by constant or a pin on an incomplete path
     *** STATE_OUT/serial/status_send/DO1 is driven by constant or a pin on an incomplete path
     *** STATE_OUT/serial/status_send/IOLTO is driven by constant or a pin on an incomplete path
     *** STATE_OUT/serial/status_send/HOLD is driven by constant or a pin on an incomplete path
     *** STATE_OUT/serial/status_send/INCLK is driven by constant or a pin on an incomplete path
     *** STATE_OUT/add_7_add_5_1/B0 is driven by constant or a pin on an incomplete path
     *** STATE_OUT/add_7_add_5_1/C0 is driven by constant or a pin on an incomplete path
     *** STATE_OUT/add_7_add_5_5/C0 is driven by constant or a pin on an incomplete path
     *** STATE_OUT/add_7_add_5_5/C1 is driven by constant or a pin on an incomplete path
     *** STATE_OUT/init_c/SR is driven by constant or a pin on an incomplete path
     *** STATE_OUT/j__i31/SR is driven by constant or a pin on an incomplete path
     *** STATE_OUT/add_7_add_5_31/C0 is driven by constant or a pin on an incomplete path
     *** STATE_OUT/add_7_add_5_31/C1 is driven by constant or a pin on an incomplete path
     *** STATE_OUT/add_7_add_5_13/C0 is driven by constant or a pin on an incomplete path
     *** STATE_OUT/add_7_add_5_13/C1 is driven by constant or a pin on an incomplete path
     *** STATE_OUT/j__i30/SR is driven by constant or a pin on an incomplete path
     *** STATE_OUT/add_7_add_5_9/C0 is driven by constant or a pin on an incomplete path
     *** STATE_OUT/add_7_add_5_9/C1 is driven by constant or a pin on an incomplete path
     *** STATE_OUT/add_7_add_5_29/C0 is driven by constant or a pin on an incomplete path
     *** STATE_OUT/add_7_add_5_29/C1 is driven by constant or a pin on an incomplete path
     *** STATE_OUT/j__i29/SR is driven by constant or a pin on an incomplete path
     *** STATE_OUT/j__i28/SR is driven by constant or a pin on an incomplete path
     *** STATE_OUT/j__i27/SR is driven by constant or a pin on an incomplete path
     *** STATE_OUT/j__i26/SR is driven by constant or a pin on an incomplete path
     *** STATE_OUT/j__i25/SR is driven by constant or a pin on an incomplete path
     *** STATE_OUT/j__i24/SR is driven by constant or a pin on an incomplete path
     *** STATE_OUT/j__i23/SR is driven by constant or a pin on an incomplete path
     *** STATE_OUT/j__i22/SR is driven by constant or a pin on an incomplete path
     *** STATE_OUT/j__i21/SR is driven by constant or a pin on an incomplete path
     *** STATE_OUT/j__i20/SR is driven by constant or a pin on an incomplete path
     *** STATE_OUT/j__i19/SR is driven by constant or a pin on an incomplete path
     *** STATE_OUT/j__i18/SR is driven by constant or a pin on an incomplete path
     *** STATE_OUT/j__i17/SR is driven by constant or a pin on an incomplete path
     *** STATE_OUT/j__i16/SR is driven by constant or a pin on an incomplete path
     *** STATE_OUT/j__i15/SR is driven by constant or a pin on an incomplete path
     *** STATE_OUT/j__i14/SR is driven by constant or a pin on an incomplete path
     *** STATE_OUT/j__i13/SR is driven by constant or a pin on an incomplete path
     *** STATE_OUT/j__i12/SR is driven by constant or a pin on an incomplete path
     *** STATE_OUT/j__i11/SR is driven by constant or a pin on an incomplete path
     *** STATE_OUT/j__i10/SR is driven by constant or a pin on an incomplete path
     *** STATE_OUT/j__i9/SR is driven by constant or a pin on an incomplete path
     *** STATE_OUT/j__i8/SR is driven by constant or a pin on an incomplete path
     *** STATE_OUT/j__i7/SR is driven by constant or a pin on an incomplete path
     *** STATE_OUT/j__i6/SR is driven by constant or a pin on an incomplete path
     *** STATE_OUT/j__i5/SR is driven by constant or a pin on an incomplete path
     *** STATE_OUT/j__i4/SR is driven by constant or a pin on an incomplete path
     *** STATE_OUT/j__i3/SR is driven by constant or a pin on an incomplete path
     *** STATE_OUT/j__i2/SR is driven by constant or a pin on an incomplete path
     *** STATE_OUT/add_7_add_5_27/A0 is driven by constant or a pin on an incomplete path
     *** STATE_OUT/add_7_add_5_27/C0 is driven by constant or a pin on an incomplete path
     *** STATE_OUT/add_7_add_5_27/A1 is driven by constant or a pin on an incomplete path
     *** STATE_OUT/add_7_add_5_27/C1 is driven by constant or a pin on an incomplete path
     *** STATE_OUT/add_7_add_5_25/A0 is driven by constant or a pin on an incomplete path
     *** STATE_OUT/add_7_add_5_25/C0 is driven by constant or a pin on an incomplete path
     *** STATE_OUT/add_7_add_5_25/A1 is driven by constant or a pin on an incomplete path
     *** STATE_OUT/add_7_add_5_25/C1 is driven by constant or a pin on an incomplete path
     *** STATE_OUT/add_7_add_5_23/A0 is driven by constant or a pin on an incomplete path
     *** STATE_OUT/add_7_add_5_23/C0 is driven by constant or a pin on an incomplete path
     *** STATE_OUT/add_7_add_5_23/A1 is driven by constant or a pin on an incomplete path
     *** STATE_OUT/add_7_add_5_23/C1 is driven by constant or a pin on an incomplete path
     *** STATE_OUT/add_7_add_5_7/A0 is driven by constant or a pin on an incomplete path
     *** STATE_OUT/add_7_add_5_7/C0 is driven by constant or a pin on an incomplete path
     *** STATE_OUT/add_7_add_5_7/A1 is driven by constant or a pin on an incomplete path
     *** STATE_OUT/add_7_add_5_7/C1 is driven by constant or a pin on an incomplete path
     *** STATE_OUT/add_7_add_5_11/A0 is driven by constant or a pin on an incomplete path
     *** STATE_OUT/add_7_add_5_11/C0 is driven by constant or a pin on an incomplete path
     *** STATE_OUT/add_7_add_5_11/A1 is driven by constant or a pin on an incomplete path
     *** STATE_OUT/add_7_add_5_11/C1 is driven by constant or a pin on an incomplete path
     *** STATE_OUT/add_7_add_5_3/A0 is driven by constant or a pin on an incomplete path
     *** STATE_OUT/add_7_add_5_3/C0 is driven by constant or a pin on an incomplete path
     *** STATE_OUT/add_7_add_5_3/A1 is driven by constant or a pin on an incomplete path
     *** STATE_OUT/add_7_add_5_3/C1 is driven by constant or a pin on an incomplete path
     *** STATE_OUT/add_7_add_5_21/A0 is driven by constant or a pin on an incomplete path
     *** STATE_OUT/add_7_add_5_21/C0 is driven by constant or a pin on an incomplete path
     *** STATE_OUT/add_7_add_5_21/A1 is driven by constant or a pin on an incomplete path
     *** STATE_OUT/add_7_add_5_21/C1 is driven by constant or a pin on an incomplete path
     *** STATE_OUT/add_7_add_5_19/A0 is driven by constant or a pin on an incomplete path
     *** STATE_OUT/add_7_add_5_19/C0 is driven by constant or a pin on an incomplete path
     *** STATE_OUT/add_7_add_5_19/A1 is driven by constant or a pin on an incomplete path
     *** STATE_OUT/add_7_add_5_19/C1 is driven by constant or a pin on an incomplete path
     *** STATE_OUT/add_7_add_5_17/A0 is driven by constant or a pin on an incomplete path
     *** STATE_OUT/add_7_add_5_17/C0 is driven by constant or a pin on an incomplete path
     *** STATE_OUT/add_7_add_5_17/A1 is driven by constant or a pin on an incomplete path
     *** STATE_OUT/add_7_add_5_17/C1 is driven by constant or a pin on an incomplete path
     *** STATE_OUT/add_7_add_5_15/A0 is driven by constant or a pin on an incomplete path
     *** STATE_OUT/add_7_add_5_15/C0 is driven by constant or a pin on an incomplete path
     *** STATE_OUT/add_7_add_5_15/A1 is driven by constant or a pin on an incomplete path
     *** STATE_OUT/add_7_add_5_15/C1 is driven by constant or a pin on an incomplete path
     *** STATE_OUT/waiting_c/SR is driven by constant or a pin on an incomplete path
     *** Keyboard/counter_129_add_4_1/A0 is driven by constant or a pin on an incomplete path
     *** Keyboard/counter_129_add_4_1/B0 is driven by constant or a pin on an incomplete path
     *** Keyboard/counter_129_add_4_1/C0 is driven by constant or a pin on an incomplete path
     *** Keyboard/counter_129_add_4_1/A1 is driven by constant or a pin on an incomplete path
     *** Keyboard/valid_i0_i0/SR is driven by constant or a pin on an incomplete path
     *** Keyboard/counter_129_add_4_19/A0 is driven by constant or a pin on an incomplete path
     *** Keyboard/counter_129_add_4_19/B0 is driven by constant or a pin on an incomplete path
     *** Keyboard/counter_129_add_4_19/A1 is driven by constant or a pin on an incomplete path
     *** Keyboard/counter_129_add_4_19/B1 is driven by constant or a pin on an incomplete path
     *** Keyboard/counter_129_add_4_17/A0 is driven by constant or a pin on an incomplete path
     *** Keyboard/counter_129_add_4_17/B0 is driven by constant or a pin on an incomplete path
     *** Keyboard/counter_129_add_4_17/A1 is driven by constant or a pin on an incomplete path
     *** Keyboard/counter_129_add_4_17/B1 is driven by constant or a pin on an incomplete path
     *** Keyboard/counter_129_add_4_15/A0 is driven by constant or a pin on an incomplete path
     *** Keyboard/counter_129_add_4_15/B0 is driven by constant or a pin on an incomplete path
     *** Keyboard/counter_129_add_4_15/A1 is driven by constant or a pin on an incomplete path
     *** Keyboard/counter_129_add_4_15/B1 is driven by constant or a pin on an incomplete path
     *** Keyboard/counter_129_add_4_13/A0 is driven by constant or a pin on an incomplete path
     *** Keyboard/counter_129_add_4_13/B0 is driven by constant or a pin on an incomplete path
     *** Keyboard/counter_129_add_4_13/A1 is driven by constant or a pin on an incomplete path
     *** Keyboard/counter_129_add_4_13/B1 is driven by constant or a pin on an incomplete path
     *** Keyboard/counter_129_add_4_11/A0 is driven by constant or a pin on an incomplete path
     *** Keyboard/counter_129_add_4_11/B0 is driven by constant or a pin on an incomplete path
     *** Keyboard/counter_129_add_4_11/A1 is driven by constant or a pin on an incomplete path
     *** Keyboard/counter_129_add_4_11/B1 is driven by constant or a pin on an incomplete path
     *** Keyboard/actualKey[3]__i8/SR is driven by constant or a pin on an incomplete path
     *** Keyboard/actualKey[3]__i7/SR is driven by constant or a pin on an incomplete path
     *** Keyboard/actualKey[3]__i6/SR is driven by constant or a pin on an incomplete path
     *** Keyboard/actualKey[3]__i5/SR is driven by constant or a pin on an incomplete path
     *** Keyboard/actualKey[3]__i4/SR is driven by constant or a pin on an incomplete path
     *** Keyboard/actualKey[3]__i3/SR is driven by constant or a pin on an incomplete path
     *** Keyboard/actualKey[3]__i2/SR is driven by constant or a pin on an incomplete path
     *** Keyboard/counter_129_add_4_9/A0 is driven by constant or a pin on an incomplete path
     *** Keyboard/counter_129_add_4_9/B0 is driven by constant or a pin on an incomplete path
     *** Keyboard/counter_129_add_4_9/A1 is driven by constant or a pin on an incomplete path
     *** Keyboard/counter_129_add_4_9/B1 is driven by constant or a pin on an incomplete path
     *** Keyboard/counter_129_add_4_33/A0 is driven by constant or a pin on an incomplete path
     *** Keyboard/counter_129_add_4_33/B0 is driven by constant or a pin on an incomplete path
     *** Keyboard/counter_129_add_4_33/A1 is driven by constant or a pin on an incomplete path
     *** Keyboard/counter_129_add_4_33/B1 is driven by constant or a pin on an incomplete path
     *** Keyboard/counter_129_add_4_33/C1 is driven by constant or a pin on an incomplete path
     *** Keyboard/counter_129_add_4_7/A0 is driven by constant or a pin on an incomplete path
     *** Keyboard/counter_129_add_4_7/B0 is driven by constant or a pin on an incomplete path
     *** Keyboard/counter_129_add_4_7/A1 is driven by constant or a pin on an incomplete path
     *** Keyboard/counter_129_add_4_7/B1 is driven by constant or a pin on an incomplete path
     *** Keyboard/counter_129_add_4_31/A0 is driven by constant or a pin on an incomplete path
     *** Keyboard/counter_129_add_4_31/B0 is driven by constant or a pin on an incomplete path
     *** Keyboard/counter_129_add_4_31/A1 is driven by constant or a pin on an incomplete path
     *** Keyboard/counter_129_add_4_31/B1 is driven by constant or a pin on an incomplete path
     *** Keyboard/counter_129_add_4_5/A0 is driven by constant or a pin on an incomplete path
     *** Keyboard/counter_129_add_4_5/B0 is driven by constant or a pin on an incomplete path
     *** Keyboard/counter_129_add_4_5/A1 is driven by constant or a pin on an incomplete path
     *** Keyboard/counter_129_add_4_5/B1 is driven by constant or a pin on an incomplete path
     *** Keyboard/counter_129_add_4_29/A0 is driven by constant or a pin on an incomplete path
     *** Keyboard/counter_129_add_4_29/B0 is driven by constant or a pin on an incomplete path
     *** Keyboard/counter_129_add_4_29/A1 is driven by constant or a pin on an incomplete path
     *** Keyboard/counter_129_add_4_29/B1 is driven by constant or a pin on an incomplete path
     *** Keyboard/counter_129_add_4_27/A0 is driven by constant or a pin on an incomplete path
     *** Keyboard/counter_129_add_4_27/B0 is driven by constant or a pin on an incomplete path
     *** Keyboard/counter_129_add_4_27/A1 is driven by constant or a pin on an incomplete path
     *** Keyboard/counter_129_add_4_27/B1 is driven by constant or a pin on an incomplete path
     *** Keyboard/counter_129_add_4_25/A0 is driven by constant or a pin on an incomplete path
     *** Keyboard/counter_129_add_4_25/B0 is driven by constant or a pin on an incomplete path
     *** Keyboard/counter_129_add_4_25/A1 is driven by constant or a pin on an incomplete path
     *** Keyboard/counter_129_add_4_25/B1 is driven by constant or a pin on an incomplete path
     *** Keyboard/counter_129_add_4_23/A0 is driven by constant or a pin on an incomplete path
     *** Keyboard/counter_129_add_4_23/B0 is driven by constant or a pin on an incomplete path
     *** Keyboard/counter_129_add_4_23/A1 is driven by constant or a pin on an incomplete path
     *** Keyboard/counter_129_add_4_23/B1 is driven by constant or a pin on an incomplete path
     *** Keyboard/counter_129_add_4_3/A0 is driven by constant or a pin on an incomplete path
     *** Keyboard/counter_129_add_4_3/B0 is driven by constant or a pin on an incomplete path
     *** Keyboard/counter_129_add_4_3/A1 is driven by constant or a pin on an incomplete path
     *** Keyboard/counter_129_add_4_3/B1 is driven by constant or a pin on an incomplete path
     *** Keyboard/counter_129_add_4_21/A0 is driven by constant or a pin on an incomplete path
     *** Keyboard/counter_129_add_4_21/B0 is driven by constant or a pin on an incomplete path
     *** Keyboard/counter_129_add_4_21/A1 is driven by constant or a pin on an incomplete path
     *** Keyboard/counter_129_add_4_21/B1 is driven by constant or a pin on an incomplete path
     *** Keyboard/actualKey[3]__i1/SR is driven by constant or a pin on an incomplete path
     *** OSCInst1/TRIM9 is driven by constant or a pin on an incomplete path
     *** OSCInst1/TRIM8 is driven by constant or a pin on an incomplete path
     *** OSCInst1/TRIM7 is driven by constant or a pin on an incomplete path
     *** OSCInst1/TRIM6 is driven by constant or a pin on an incomplete path
     *** OSCInst1/TRIM5 is driven by constant or a pin on an incomplete path
     *** OSCInst1/TRIM4 is driven by constant or a pin on an incomplete path
     *** OSCInst1/TRIM3 is driven by constant or a pin on an incomplete path
     *** OSCInst1/TRIM2 is driven by constant or a pin on an incomplete path
     *** OSCInst1/TRIM1 is driven by constant or a pin on an incomplete path
     *** OSCInst1/TRIM0 is driven by constant or a pin on an incomplete path
     *** SENSOR1_IN_pad.bb_inst/T_N is driven by constant or a pin on an incomplete path
     *** SENSOR2_IN_pad.bb_inst/T_N is driven by constant or a pin on an incomplete path
     *** KB_IN_pad[1].bb_inst/T_N is driven by constant or a pin on an incomplete path
     *** KB_IN_pad[0].bb_inst/T_N is driven by constant or a pin on an incomplete path
     *** KB_RECV_pad.bb_inst/T_N is driven by constant or a pin on an incomplete path
     *** RESET_IN_pad.bb_inst/T_N is driven by constant or a pin on an incomplete path
FA2/D1 input counter_129_add_4_33 has no outgoing device arc
FA2/CI1 input counter_129_add_4_33 has no outgoing device arc
     ** Keyboard/counter_129_add_4_33/CO0 is driving a pin on an incomplete path
FA2/C0 input counter_129_add_4_33 is on an incomplete path
FA2/CI0 input counter_129_add_4_33 is on an incomplete path
VHI/Z VCC  i2
     *** mainTimer/clkCont_i17/SP is driven by constant or a pin on an incomplete path
     *** mainTimer/add_7_add_5_1/C1 is driven by constant or a pin on an incomplete path
     *** mainTimer/clkCont_i16/SP is driven by constant or a pin on an incomplete path
     *** mainTimer/clkCont_i15/SP is driven by constant or a pin on an incomplete path
     *** mainTimer/clkCont_i14/SP is driven by constant or a pin on an incomplete path
     *** mainTimer/clkCont_i13/SP is driven by constant or a pin on an incomplete path
     *** mainTimer/clkCont_i12/SP is driven by constant or a pin on an incomplete path
     *** mainTimer/clkCont_i11/SP is driven by constant or a pin on an incomplete path
     *** mainTimer/clkCont_i10/SP is driven by constant or a pin on an incomplete path
     *** mainTimer/clkCont_i9/SP is driven by constant or a pin on an incomplete path
     *** mainTimer/clkCont_i8/SP is driven by constant or a pin on an incomplete path
     *** mainTimer/clkCont_i7/SP is driven by constant or a pin on an incomplete path
     *** mainTimer/clkCont_i6/SP is driven by constant or a pin on an incomplete path
     *** mainTimer/clkCont_i5/SP is driven by constant or a pin on an incomplete path
     *** mainTimer/clkCont_i4/SP is driven by constant or a pin on an incomplete path
     *** mainTimer/clkCont_i3/SP is driven by constant or a pin on an incomplete path
     *** mainTimer/clkCont_i2/SP is driven by constant or a pin on an incomplete path
     *** mainTimer/clkCont_i1/SP is driven by constant or a pin on an incomplete path
     *** mainTimer/clkCont_i0/SP is driven by constant or a pin on an incomplete path
     *** mainTimer/state/SP is driven by constant or a pin on an incomplete path
     *** STATE_OUT/serial/j__i0/SP is driven by constant or a pin on an incomplete path
     *** STATE_OUT/serial/temp_data_out_i0_i1/SP is driven by constant or a pin on an incomplete path
     *** STATE_OUT/serial/j__i2/SP is driven by constant or a pin on an incomplete path
     *** STATE_OUT/serial/j__i1/SP is driven by constant or a pin on an incomplete path
     *** STATE_OUT/serial/add_6_add_5_1/C1 is driven by constant or a pin on an incomplete path
     *** STATE_OUT/serial/j__i3/SP is driven by constant or a pin on an incomplete path
     *** STATE_OUT/serial/j__i4/SP is driven by constant or a pin on an incomplete path
     *** STATE_OUT/serial/j__i5/SP is driven by constant or a pin on an incomplete path
     *** STATE_OUT/serial/j__i6/SP is driven by constant or a pin on an incomplete path
     *** STATE_OUT/serial/j__i7/SP is driven by constant or a pin on an incomplete path
     *** STATE_OUT/serial/j__i8/SP is driven by constant or a pin on an incomplete path
     *** STATE_OUT/serial/j__i9/SP is driven by constant or a pin on an incomplete path
     *** STATE_OUT/serial/j__i10/SP is driven by constant or a pin on an incomplete path
     *** STATE_OUT/serial/j__i11/SP is driven by constant or a pin on an incomplete path
     *** STATE_OUT/serial/j__i12/SP is driven by constant or a pin on an incomplete path
     *** STATE_OUT/serial/j__i13/SP is driven by constant or a pin on an incomplete path
     *** STATE_OUT/serial/j__i14/SP is driven by constant or a pin on an incomplete path
     *** STATE_OUT/serial/j__i15/SP is driven by constant or a pin on an incomplete path
     *** STATE_OUT/serial/j__i16/SP is driven by constant or a pin on an incomplete path
     *** STATE_OUT/serial/j__i17/SP is driven by constant or a pin on an incomplete path
     *** STATE_OUT/serial/j__i18/SP is driven by constant or a pin on an incomplete path
     *** STATE_OUT/serial/j__i19/SP is driven by constant or a pin on an incomplete path
     *** STATE_OUT/serial/j__i20/SP is driven by constant or a pin on an incomplete path
     *** STATE_OUT/serial/j__i21/SP is driven by constant or a pin on an incomplete path
     *** STATE_OUT/serial/j__i22/SP is driven by constant or a pin on an incomplete path
     *** STATE_OUT/serial/j__i23/SP is driven by constant or a pin on an incomplete path
     *** STATE_OUT/serial/j__i24/SP is driven by constant or a pin on an incomplete path
     *** STATE_OUT/serial/j__i25/SP is driven by constant or a pin on an incomplete path
     *** STATE_OUT/serial/j__i26/SP is driven by constant or a pin on an incomplete path
     *** STATE_OUT/serial/j__i27/SP is driven by constant or a pin on an incomplete path
     *** STATE_OUT/serial/j__i28/SP is driven by constant or a pin on an incomplete path
     *** STATE_OUT/serial/j__i29/SP is driven by constant or a pin on an incomplete path
     *** STATE_OUT/serial/j__i30/SP is driven by constant or a pin on an incomplete path
     *** STATE_OUT/serial/j__i31/SP is driven by constant or a pin on an incomplete path
     *** STATE_OUT/serial/status_out/SP is driven by constant or a pin on an incomplete path
     *** STATE_OUT/serial/status_send/CE is driven by constant or a pin on an incomplete path
     *** STATE_OUT/add_7_add_5_1/C1 is driven by constant or a pin on an incomplete path
     *** STATE_OUT/init_c/SP is driven by constant or a pin on an incomplete path
     *** STATE_OUT/j__i31/SP is driven by constant or a pin on an incomplete path
     *** STATE_OUT/j__i30/SP is driven by constant or a pin on an incomplete path
     *** STATE_OUT/j__i29/SP is driven by constant or a pin on an incomplete path
     *** STATE_OUT/j__i28/SP is driven by constant or a pin on an incomplete path
     *** STATE_OUT/j__i27/SP is driven by constant or a pin on an incomplete path
     *** STATE_OUT/j__i26/SP is driven by constant or a pin on an incomplete path
     *** STATE_OUT/j__i25/SP is driven by constant or a pin on an incomplete path
     *** STATE_OUT/j__i24/SP is driven by constant or a pin on an incomplete path
     *** STATE_OUT/j__i23/SP is driven by constant or a pin on an incomplete path
     *** STATE_OUT/j__i22/SP is driven by constant or a pin on an incomplete path
     *** STATE_OUT/j__i21/SP is driven by constant or a pin on an incomplete path
     *** STATE_OUT/j__i20/SP is driven by constant or a pin on an incomplete path
     *** STATE_OUT/j__i19/SP is driven by constant or a pin on an incomplete path
     *** STATE_OUT/j__i18/SP is driven by constant or a pin on an incomplete path
     *** STATE_OUT/j__i17/SP is driven by constant or a pin on an incomplete path
     *** STATE_OUT/j__i16/SP is driven by constant or a pin on an incomplete path
     *** STATE_OUT/j__i15/SP is driven by constant or a pin on an incomplete path
     *** STATE_OUT/j__i14/SP is driven by constant or a pin on an incomplete path
     *** STATE_OUT/j__i13/SP is driven by constant or a pin on an incomplete path
     *** STATE_OUT/j__i12/SP is driven by constant or a pin on an incomplete path
     *** STATE_OUT/j__i11/SP is driven by constant or a pin on an incomplete path
     *** STATE_OUT/j__i10/SP is driven by constant or a pin on an incomplete path
     *** STATE_OUT/j__i9/SP is driven by constant or a pin on an incomplete path
     *** STATE_OUT/j__i8/SP is driven by constant or a pin on an incomplete path
     *** STATE_OUT/cont_128__i0/SP is driven by constant or a pin on an incomplete path
     *** STATE_OUT/j__i7/SP is driven by constant or a pin on an incomplete path
     *** STATE_OUT/j__i6/SP is driven by constant or a pin on an incomplete path
     *** STATE_OUT/j__i5/SP is driven by constant or a pin on an incomplete path
     *** STATE_OUT/j__i4/SP is driven by constant or a pin on an incomplete path
     *** STATE_OUT/j__i3/SP is driven by constant or a pin on an incomplete path
     *** STATE_OUT/j__i2/SP is driven by constant or a pin on an incomplete path
     *** STATE_OUT/cont_128__i1/SP is driven by constant or a pin on an incomplete path
     *** STATE_OUT/cont_128__i2/SP is driven by constant or a pin on an incomplete path
     *** STATE_OUT/cont_128__i3/SP is driven by constant or a pin on an incomplete path
     *** STATE_OUT/waiting_c/SP is driven by constant or a pin on an incomplete path
     *** Keyboard/counter_129_add_4_1/B1 is driven by constant or a pin on an incomplete path
     *** Keyboard/valid_i0_i0/SP is driven by constant or a pin on an incomplete path
     *** Keyboard/counter_129__i1/SP is driven by constant or a pin on an incomplete path
     *** Keyboard/actualKey[3]__i8/SP is driven by constant or a pin on an incomplete path
     *** Keyboard/actualKey[3]__i7/SP is driven by constant or a pin on an incomplete path
     *** Keyboard/actualKey[3]__i6/SP is driven by constant or a pin on an incomplete path
     *** Keyboard/actualKey[3]__i5/SP is driven by constant or a pin on an incomplete path
     *** Keyboard/actualKey[3]__i4/SP is driven by constant or a pin on an incomplete path
     *** Keyboard/actualKey[3]__i3/SP is driven by constant or a pin on an incomplete path
     *** Keyboard/actualKey[3]__i2/SP is driven by constant or a pin on an incomplete path
     *** Keyboard/valid_i0_i1/SP is driven by constant or a pin on an incomplete path
     *** Keyboard/counter_129__i2/SP is driven by constant or a pin on an incomplete path
     *** Keyboard/counter_129__i3/SP is driven by constant or a pin on an incomplete path
     *** Keyboard/counter_129__i4/SP is driven by constant or a pin on an incomplete path
     *** Keyboard/counter_129__i5/SP is driven by constant or a pin on an incomplete path
     *** Keyboard/counter_129__i6/SP is driven by constant or a pin on an incomplete path
     *** Keyboard/counter_129__i7/SP is driven by constant or a pin on an incomplete path
     *** Keyboard/counter_129__i8/SP is driven by constant or a pin on an incomplete path
     *** Keyboard/counter_129__i9/SP is driven by constant or a pin on an incomplete path
     *** Keyboard/counter_129__i10/SP is driven by constant or a pin on an incomplete path
     *** Keyboard/counter_129__i11/SP is driven by constant or a pin on an incomplete path
     *** Keyboard/counter_129__i12/SP is driven by constant or a pin on an incomplete path
     *** Keyboard/counter_129__i13/SP is driven by constant or a pin on an incomplete path
     *** Keyboard/counter_129__i14/SP is driven by constant or a pin on an incomplete path
     *** Keyboard/counter_129__i15/SP is driven by constant or a pin on an incomplete path
     *** Keyboard/counter_129__i16/SP is driven by constant or a pin on an incomplete path
     *** Keyboard/counter_129__i17/SP is driven by constant or a pin on an incomplete path
     *** Keyboard/counter_129__i18/SP is driven by constant or a pin on an incomplete path
     *** Keyboard/counter_129__i19/SP is driven by constant or a pin on an incomplete path
     *** Keyboard/counter_129__i20/SP is driven by constant or a pin on an incomplete path
     *** Keyboard/counter_129__i21/SP is driven by constant or a pin on an incomplete path
     *** Keyboard/counter_129__i22/SP is driven by constant or a pin on an incomplete path
     *** Keyboard/counter_129__i23/SP is driven by constant or a pin on an incomplete path
     *** Keyboard/counter_129__i24/SP is driven by constant or a pin on an incomplete path
     *** Keyboard/counter_129__i25/SP is driven by constant or a pin on an incomplete path
     *** Keyboard/counter_129__i26/SP is driven by constant or a pin on an incomplete path
     *** Keyboard/counter_129__i27/SP is driven by constant or a pin on an incomplete path
     *** Keyboard/counter_129__i28/SP is driven by constant or a pin on an incomplete path
     *** Keyboard/counter_129__i29/SP is driven by constant or a pin on an incomplete path
     *** Keyboard/counter_129__i30/SP is driven by constant or a pin on an incomplete path
     *** Keyboard/counter_129__i31/SP is driven by constant or a pin on an incomplete path
     *** Keyboard/counter_129__i32/SP is driven by constant or a pin on an incomplete path
     *** Keyboard/actualKey[3]__i1/SP is driven by constant or a pin on an incomplete path
     *** Sreg_i0/SP is driven by constant or a pin on an incomplete path
     *** Sreg_i1/SP is driven by constant or a pin on an incomplete path
     *** OSCInst1/CLKLFPU is driven by constant or a pin on an incomplete path
     *** OSCInst1/CLKLFEN is driven by constant or a pin on an incomplete path
     *** STATUS_OUT_pad.bb_inst/T_N is driven by constant or a pin on an incomplete path
     *** SIREN_OUT_pad.bb_inst/T_N is driven by constant or a pin on an incomplete path
     *** STATUS_SEND_pad.bb_inst/T_N is driven by constant or a pin on an incomplete path
     *** SERCLK_OUT_pad.bb_inst/T_N is driven by constant or a pin on an incomplete path
     *** DEBUG_KEY_pad[1].bb_inst/T_N is driven by constant or a pin on an incomplete path
     *** DEBUG_KEY_pad[0].bb_inst/T_N is driven by constant or a pin on an incomplete path
FA2/D1 input add_6_add_5_33 has no outgoing device arc
FA2/CI1 input add_6_add_5_33 has no outgoing device arc
     ** STATE_OUT/serial/add_6_add_5_33/CO0 is driving a pin on an incomplete path
FA2/B0 input add_6_add_5_33 is on an incomplete path
FA2/CI0 input add_6_add_5_33 is on an incomplete path
     ** STATE_OUT/serial/j__i31/Q is driving a pin on an incomplete path
FA2/D1 input add_7_add_5_19 has no outgoing device arc
FA2/CI1 input add_7_add_5_19 has no outgoing device arc
     ** mainTimer/add_7_add_5_19/CO0 is driving a pin on an incomplete path
FA2/B0 input add_7_add_5_19 is on an incomplete path
FA2/CI0 input add_7_add_5_19 is on an incomplete path
