    Lattice Mapping Report File for Design Module 'ModuloAlarmaTP2_impl_1'

Target Vendor:        LATTICE
Target Device:        iCE40UP5KSG48
Target Performance:   High-Performance_1.2V

Mapper:    version Radiant Software (64-bit) 3.0.0.24.1
Mapped on: Wed Nov 17 21:56:44 2021

Design Information
------------------

Command line:   map ModuloAlarmaTP2_impl_1_syn.udb D:/Electronica/Electronica
     3/TP2/TP2-G2_E3/ModuloAlarmaTP2/source/impl_1/impl_1.pdc -o
     ModuloAlarmaTP2_impl_1_map.udb -mp ModuloAlarmaTP2_impl_1.mrp -hierrpt -gui

Design Summary
--------------

   Number of slice registers: 107 out of  5280 (2%)
   Number of I/O registers:      0 out of   117 (0%)
   Number of LUT4s:           263 out of  5280 (5%)
      Number of logic LUT4s:             160
      Number of inserted feedthru LUT4s:   1
      Number of replicated LUT4s:         14
      Number of ripple logic:             44 (88 LUT4s)
   Number of IO sites used:   16 out of 39 (41%)
      Number of IO sites used for general PIO: 16
      Number of IO sites used for I3C: 0 out of 2 (0%)
      (note: If I3C is not used, its site can be used as general PIO)
      Number of IO sites used for PIO+I3C: 16 out of 36 (44%)
      Number of IO sites used for OD+RGB IO buffers: 0 out of 3 (0%)
      (note: If RGB LED drivers are not used, sites can be used as OD outputs,
       see TN1288 iCE40 LED Driver Usage Guide)
      Number of IO sites used for PIO+I3C+OD+RGB: 16 out of 39 (41%)
   Number of DSPs:             0 out of 8 (0%)
   Number of I2Cs:             0 out of 2 (0%)
   Number of High Speed OSCs:  0 out of 1 (0%)
   Number of Low Speed OSCs:   1 out of 1 (100%)
   Number of RGB PWM:          0 out of 1 (0%)
   Number of RGB Drivers:      0 out of 1 (0%)
   Number of SCL FILTERs:      0 out of 2 (0%)
   Number of SRAMs:            0 out of 4 (0%)
   Number of WARMBOOTs:        0 out of 1 (0%)
   Number of SPIs:             0 out of 2 (0%)
   Number of EBRs:             0 out of 30 (0%)
   Number of PLLs:             0 out of 1 (0%)
   Number of Clocks:  2
      Net KB_RECV_c: 27 loads, 27 rising, 0 falling (Driver: Port KB_RECV)
      Net SERCLK_OUT_c: 65 loads, 65 rising, 0 falling (Driver: Pin
     OSCInst1/CLKLF)
   Number of Clock Enables:  2
      Net VCC_net: 1 loads, 0 SLICEs
      Net STATE_OUT.serial.n435: 1 loads, 1 SLICEs
   Number of LSRs:  5
      Net Keyboard.n2020: 1 loads, 1 SLICEs
      Net Keyboard.n445: 17 loads, 17 SLICEs
      Net STATE_OUT.state_send_N_67: 5 loads, 5 SLICEs
      Net STATE_OUT.serial.counter_31__N_185: 1 loads, 1 SLICEs
      Net mainTimer.clkCont_17__N_38: 19 loads, 19 SLICEs
   Top 10 highest fanout non-clock nets:
      Net STATE_OUT.init: 68 loads

                                    Page 1





Design Summary (cont)
---------------------
      Net STATE_OUT.serial.n63: 42 loads
      Net VCC_net: 36 loads
      Net TIME_OUT: 24 loads
      Net DEBUG_KEY_c_1: 19 loads
      Net mainTimer.clkCont_17__N_38: 19 loads
      Net Keyboard.n445: 17 loads
      Net Sreg_c_0: 13 loads
      Net Sreg_c_1: 12 loads
      Net KB_IN_c_0: 8 loads




   Number of warnings:  1
   Number of errors:    0

Design Errors/Warnings
----------------------

WARNING - map: The clock port [KB_RECV] is assigned to a non clock dedicated pin
     [32], which might affect the clock performance. Use dedicated clock
     resources for the port.

IO (PIO) Attributes
-------------------

+---------------------+-----------+-----------+-------+-------+-----------+
| IO Name             | Direction | Levelmode |  IO   |  IO   | Special   |
|                     |           |  IO_TYPE  |  REG  |  DDR  | IO Buffer |
+---------------------+-----------+-----------+-------+-------+-----------+
| STATUS_OUT          | OUTPUT    | LVCMOS33  |       |       |           |
+---------------------+-----------+-----------+-------+-------+-----------+
| SIREN_OUT           | OUTPUT    | LVCMOS33  |       |       |           |
+---------------------+-----------+-----------+-------+-------+-----------+
| STATUS_SEND         | OUTPUT    | LVCMOS33  |       |       |           |
+---------------------+-----------+-----------+-------+-------+-----------+
| SERCLK_OUT          | OUTPUT    | LVCMOS33  |       |       |           |
+---------------------+-----------+-----------+-------+-------+-----------+
| RESET_OUT           | OUTPUT    | LVCMOS33  |       |       |           |
+---------------------+-----------+-----------+-------+-------+-----------+
| Sreg[1]             | OUTPUT    | LVCMOS33  |       |       |           |
+---------------------+-----------+-----------+-------+-------+-----------+
| Sreg[0]             | OUTPUT    | LVCMOS33  |       |       |           |
+---------------------+-----------+-----------+-------+-------+-----------+
| KEY_STATUS[1]       | OUTPUT    | LVCMOS33  |       |       |           |
+---------------------+-----------+-----------+-------+-------+-----------+
| KEY_STATUS[0]       | OUTPUT    | LVCMOS33  |       |       |           |
+---------------------+-----------+-----------+-------+-------+-----------+
| DEBUG_KEY[1]        | OUTPUT    | LVCMOS33  |       |       |           |
+---------------------+-----------+-----------+-------+-------+-----------+
| DEBUG_KEY[0]        | OUTPUT    | LVCMOS33  |       |       |           |
+---------------------+-----------+-----------+-------+-------+-----------+
| SENSOR1_IN          | INPUT     | LVCMOS33  |       |       |           |
+---------------------+-----------+-----------+-------+-------+-----------+
| SENSOR2_IN          | INPUT     | LVCMOS33  |       |       |           |
+---------------------+-----------+-----------+-------+-------+-----------+
| KB_IN[1]            | INPUT     | LVCMOS33  |       |       |           |

                                    Page 2





IO (PIO) Attributes (cont)
--------------------------
+---------------------+-----------+-----------+-------+-------+-----------+
| KB_IN[0]            | INPUT     | LVCMOS33  |       |       |           |
+---------------------+-----------+-----------+-------+-------+-----------+
| KB_RECV             | INPUT     | LVCMOS33  |       |       |           |
+---------------------+-----------+-----------+-------+-------+-----------+

OSC Summary
-----------

OSC 1:                                 Pin/Node Value
  OSC Instance Name:                            OSCInst1
  Power UP:                            NODE     VCC_net
  Enable Signal:                       NODE     VCC_net
  OSC Output:                          PIN,NODE SERCLK_OUT_c

ASIC Components
---------------

Instance Name: OSCInst1
         Type: LFOSC

Run Time and Memory Usage
-------------------------

   Total CPU Time: 0 secs
   Total REAL Time: 0 secs
   Peak Memory Usage: 58 MB































                                    Page 3


Copyright (c) 1991-1994 by NeoCAD Inc. All rights reserved.
Copyright (c) 1995
     AT&T Corp.   All rights reserved.
Copyright (c) 1995-2001 Lucent
     Technologies Inc.  All rights reserved.
Copyright (c) 2001 Agere Systems
     All rights reserved.
Copyright (c) 2002-2021 Lattice Semiconductor
     Corporation,  All rights reserved.
