Active-HDL 11.1.262.7351 2021-11-14 21:50:51

Elaboration top modules:
Verilog Module                Test
SystemVerilog Package         UnitScopePackage_7


--------------------------------------------------------------------------------------------
Verilog Module          | Library    | Info | Compiler Version        | Compilation Options
--------------------------------------------------------------------------------------------
Test                    | mainmodule |      | 11.1.262.7351 (Windows) | -O2 -sv2k12
MainModule              | mainmodule |      | 11.1.262.7351 (Windows) | -O2 -sv2k12
timer                   | mainmodule |      | 11.1.262.7351 (Windows) | -O2 -sv2k12
easySerialOut           | mainmodule |      | 11.1.262.7351 (Windows) | -O2 -sv2k12
keyChecker              | mainmodule |      | 11.1.262.7351 (Windows) | -O2 -sv2k12
serialOut               | mainmodule |      | 11.1.262.7351 (Windows) | -O2 -sv2k12
--------------------------------------------------------------------------------------------

--------------------------------------------------------------------------------------------
SystemVerilog Package   | Library    | Info | Compiler Version        | Compilation Options
--------------------------------------------------------------------------------------------
UnitScopePackage_7      | mainmodule |      | 11.1.262.7351 (Windows) | -O2 -sv2k12
--------------------------------------------------------------------------------------------

--------------------------------------------------------------------------------------------
Library                 | Comment
--------------------------------------------------------------------------------------------
mainmodule              | None
--------------------------------------------------------------------------------------------
